{"C:\\Users\\btmq9\\Desktop\\Bootcamp\\Node\\nodejs-homework-rest-api\\app.js": {"path":"C:\\Users\\btmq9\\Desktop\\Bootcamp\\Node\\nodejs-homework-rest-api\\app.js","statementMap":{"0":{"start":{"line":3,"column":16},"end":{"line":3,"column":34}},"1":{"start":{"line":4,"column":15},"end":{"line":4,"column":32}},"2":{"start":{"line":5,"column":13},"end":{"line":5,"column":28}},"3":{"start":{"line":6,"column":0},"end":{"line":6,"column":27}},"4":{"start":{"line":7,"column":20},"end":{"line":7,"column":49}},"5":{"start":{"line":8,"column":12},"end":{"line":8,"column":21}},"6":{"start":{"line":9,"column":22},"end":{"line":9,"column":72}},"7":{"start":{"line":12,"column":0},"end":{"line":12,"column":31}},"8":{"start":{"line":13,"column":0},"end":{"line":13,"column":16}},"9":{"start":{"line":14,"column":0},"end":{"line":14,"column":24}},"10":{"start":{"line":15,"column":0},"end":{"line":15,"column":34}},"11":{"start":{"line":17,"column":0},"end":{"line":17,"column":29}},"12":{"start":{"line":19,"column":0},"end":{"line":19,"column":29}},"13":{"start":{"line":21,"column":0},"end":{"line":37,"column":3}},"14":{"start":{"line":22,"column":1},"end":{"line":36,"column":4}},"15":{"start":{"line":39,"column":0},"end":{"line":46,"column":3}},"16":{"start":{"line":40,"column":1},"end":{"line":45,"column":4}},"17":{"start":{"line":48,"column":0},"end":{"line":48,"column":21}}},"fnMap":{"0":{"name":"(anonymous_0)","decl":{"start":{"line":21,"column":8},"end":{"line":21,"column":9}},"loc":{"start":{"line":21,"column":22},"end":{"line":37,"column":1}},"line":21},"1":{"name":"(anonymous_1)","decl":{"start":{"line":39,"column":8},"end":{"line":39,"column":9}},"loc":{"start":{"line":39,"column":33},"end":{"line":46,"column":1}},"line":39}},"branchMap":{"0":{"loc":{"start":{"line":9,"column":22},"end":{"line":9,"column":72}},"type":"cond-expr","locations":[{"start":{"line":9,"column":57},"end":{"line":9,"column":62}},{"start":{"line":9,"column":65},"end":{"line":9,"column":72}}],"line":9}},"s":{"0":1,"1":1,"2":1,"3":1,"4":1,"5":1,"6":1,"7":1,"8":1,"9":1,"10":1,"11":1,"12":1,"13":1,"14":0,"15":1,"16":0,"17":1},"f":{"0":0,"1":0},"b":{"0":[0,1]},"_coverageSchema":"1a1c01bbd47fc00a2c39e90264f33305004495a9","hash":"2ac998945729f2b9a03da89e5e9eddfe5945c09c"}
,"C:\\Users\\btmq9\\Desktop\\Bootcamp\\Node\\nodejs-homework-rest-api\\config\\passport.js": {"path":"C:\\Users\\btmq9\\Desktop\\Bootcamp\\Node\\nodejs-homework-rest-api\\config\\passport.js","statementMap":{"0":{"start":{"line":1,"column":17},"end":{"line":1,"column":36}},"1":{"start":{"line":2,"column":20},"end":{"line":2,"column":43}},"2":{"start":{"line":3,"column":13},"end":{"line":3,"column":47}},"3":{"start":{"line":4,"column":0},"end":{"line":4,"column":27}},"4":{"start":{"line":5,"column":15},"end":{"line":5,"column":33}},"5":{"start":{"line":6,"column":19},"end":{"line":6,"column":41}},"6":{"start":{"line":7,"column":17},"end":{"line":7,"column":37}},"7":{"start":{"line":8,"column":15},"end":{"line":11,"column":1}},"8":{"start":{"line":13,"column":0},"end":{"line":24,"column":2}},"9":{"start":{"line":15,"column":2},"end":{"line":22,"column":34}},"10":{"start":{"line":17,"column":4},"end":{"line":19,"column":5}},"11":{"start":{"line":18,"column":5},"end":{"line":18,"column":46}},"12":{"start":{"line":20,"column":4},"end":{"line":20,"column":28}},"13":{"start":{"line":22,"column":21},"end":{"line":22,"column":32}}},"fnMap":{"0":{"name":"(anonymous_0)","decl":{"start":{"line":14,"column":22},"end":{"line":14,"column":23}},"loc":{"start":{"line":14,"column":41},"end":{"line":23,"column":2}},"line":14},"1":{"name":"(anonymous_1)","decl":{"start":{"line":16,"column":9},"end":{"line":16,"column":10}},"loc":{"start":{"line":16,"column":21},"end":{"line":21,"column":4}},"line":16},"2":{"name":"(anonymous_2)","decl":{"start":{"line":22,"column":10},"end":{"line":22,"column":11}},"loc":{"start":{"line":22,"column":21},"end":{"line":22,"column":32}},"line":22}},"branchMap":{"0":{"loc":{"start":{"line":17,"column":4},"end":{"line":19,"column":5}},"type":"if","locations":[{"start":{"line":17,"column":4},"end":{"line":19,"column":5}},{"start":{},"end":{}}],"line":17}},"s":{"0":1,"1":1,"2":1,"3":1,"4":1,"5":1,"6":1,"7":1,"8":1,"9":0,"10":0,"11":0,"12":0,"13":0},"f":{"0":0,"1":0,"2":0},"b":{"0":[0,0]},"_coverageSchema":"1a1c01bbd47fc00a2c39e90264f33305004495a9","hash":"c5642eae2bf3f4c25a695590ed3ac8ec3ee88fcf"}
,"C:\\Users\\btmq9\\Desktop\\Bootcamp\\Node\\nodejs-homework-rest-api\\controller\\auth.js": {"path":"C:\\Users\\btmq9\\Desktop\\Bootcamp\\Node\\nodejs-homework-rest-api\\controller\\auth.js","statementMap":{"0":{"start":{"line":1,"column":16},"end":{"line":1,"column":42}},"1":{"start":{"line":2,"column":12},"end":{"line":2,"column":35}},"2":{"start":{"line":3,"column":0},"end":{"line":3,"column":27}},"3":{"start":{"line":4,"column":15},"end":{"line":4,"column":33}},"4":{"start":{"line":5,"column":13},"end":{"line":5,"column":28}},"5":{"start":{"line":6,"column":11},"end":{"line":6,"column":24}},"6":{"start":{"line":8,"column":17},"end":{"line":32,"column":1}},"7":{"start":{"line":9,"column":19},"end":{"line":9,"column":27}},"8":{"start":{"line":10,"column":1},"end":{"line":31,"column":2}},"9":{"start":{"line":11,"column":15},"end":{"line":11,"column":51}},"10":{"start":{"line":12,"column":2},"end":{"line":18,"column":3}},"11":{"start":{"line":13,"column":3},"end":{"line":17,"column":6}},"12":{"start":{"line":19,"column":18},"end":{"line":19,"column":55}},"13":{"start":{"line":20,"column":2},"end":{"line":28,"column":5}},"14":{"start":{"line":30,"column":2},"end":{"line":30,"column":14}},"15":{"start":{"line":34,"column":14},"end":{"line":66,"column":1}},"16":{"start":{"line":35,"column":29},"end":{"line":35,"column":37}},"17":{"start":{"line":36,"column":1},"end":{"line":65,"column":2}},"18":{"start":{"line":37,"column":15},"end":{"line":37,"column":51}},"19":{"start":{"line":38,"column":28},"end":{"line":38,"column":77}},"20":{"start":{"line":39,"column":2},"end":{"line":45,"column":3}},"21":{"start":{"line":40,"column":3},"end":{"line":44,"column":6}},"22":{"start":{"line":46,"column":31},"end":{"line":46,"column":35}},"23":{"start":{"line":47,"column":18},"end":{"line":50,"column":3}},"24":{"start":{"line":52,"column":16},"end":{"line":52,"column":63}},"25":{"start":{"line":53,"column":2},"end":{"line":53,"column":36}},"26":{"start":{"line":54,"column":2},"end":{"line":62,"column":5}},"27":{"start":{"line":64,"column":2},"end":{"line":64,"column":14}},"28":{"start":{"line":68,"column":15},"end":{"line":76,"column":1}},"29":{"start":{"line":69,"column":16},"end":{"line":69,"column":24}},"30":{"start":{"line":70,"column":1},"end":{"line":75,"column":2}},"31":{"start":{"line":71,"column":2},"end":{"line":71,"column":31}},"32":{"start":{"line":72,"column":2},"end":{"line":72,"column":25}},"33":{"start":{"line":74,"column":2},"end":{"line":74,"column":14}},"34":{"start":{"line":78,"column":19},"end":{"line":92,"column":1}},"35":{"start":{"line":79,"column":33},"end":{"line":79,"column":41}},"36":{"start":{"line":80,"column":1},"end":{"line":91,"column":2}},"37":{"start":{"line":81,"column":2},"end":{"line":88,"column":5}},"38":{"start":{"line":90,"column":2},"end":{"line":90,"column":14}},"39":{"start":{"line":94,"column":26},"end":{"line":111,"column":1}},"40":{"start":{"line":95,"column":23},"end":{"line":95,"column":31}},"41":{"start":{"line":96,"column":26},"end":{"line":96,"column":34}},"42":{"start":{"line":97,"column":1},"end":{"line":97,"column":52}},"43":{"start":{"line":98,"column":1},"end":{"line":110,"column":2}},"44":{"start":{"line":99,"column":2},"end":{"line":107,"column":5}},"45":{"start":{"line":109,"column":2},"end":{"line":109,"column":14}},"46":{"start":{"line":113,"column":20},"end":{"line":142,"column":1}},"47":{"start":{"line":114,"column":16},"end":{"line":114,"column":24}},"48":{"start":{"line":115,"column":19},"end":{"line":115,"column":42}},"49":{"start":{"line":116,"column":1},"end":{"line":118,"column":2}},"50":{"start":{"line":117,"column":2},"end":{"line":117,"column":68}},"51":{"start":{"line":119,"column":1},"end":{"line":125,"column":5}},"52":{"start":{"line":121,"column":3},"end":{"line":121,"column":71}},"53":{"start":{"line":124,"column":3},"end":{"line":124,"column":24}},"54":{"start":{"line":126,"column":1},"end":{"line":126,"column":43}},"55":{"start":{"line":127,"column":1},"end":{"line":141,"column":2}},"56":{"start":{"line":128,"column":2},"end":{"line":130,"column":5}},"57":{"start":{"line":129,"column":3},"end":{"line":129,"column":35}},"58":{"start":{"line":131,"column":2},"end":{"line":138,"column":5}},"59":{"start":{"line":140,"column":2},"end":{"line":140,"column":14}},"60":{"start":{"line":144,"column":0},"end":{"line":151,"column":2}}},"fnMap":{"0":{"name":"(anonymous_0)","decl":{"start":{"line":8,"column":17},"end":{"line":8,"column":18}},"loc":{"start":{"line":8,"column":43},"end":{"line":32,"column":1}},"line":8},"1":{"name":"(anonymous_1)","decl":{"start":{"line":34,"column":14},"end":{"line":34,"column":15}},"loc":{"start":{"line":34,"column":40},"end":{"line":66,"column":1}},"line":34},"2":{"name":"(anonymous_2)","decl":{"start":{"line":68,"column":15},"end":{"line":68,"column":16}},"loc":{"start":{"line":68,"column":41},"end":{"line":76,"column":1}},"line":68},"3":{"name":"(anonymous_3)","decl":{"start":{"line":78,"column":19},"end":{"line":78,"column":20}},"loc":{"start":{"line":78,"column":45},"end":{"line":92,"column":1}},"line":78},"4":{"name":"(anonymous_4)","decl":{"start":{"line":94,"column":26},"end":{"line":94,"column":27}},"loc":{"start":{"line":94,"column":52},"end":{"line":111,"column":1}},"line":94},"5":{"name":"(anonymous_5)","decl":{"start":{"line":113,"column":20},"end":{"line":113,"column":21}},"loc":{"start":{"line":113,"column":46},"end":{"line":142,"column":1}},"line":113},"6":{"name":"(anonymous_6)","decl":{"start":{"line":120,"column":8},"end":{"line":120,"column":9}},"loc":{"start":{"line":120,"column":20},"end":{"line":122,"column":3}},"line":120},"7":{"name":"(anonymous_7)","decl":{"start":{"line":123,"column":9},"end":{"line":123,"column":10}},"loc":{"start":{"line":123,"column":20},"end":{"line":125,"column":3}},"line":123},"8":{"name":"(anonymous_8)","decl":{"start":{"line":128,"column":27},"end":{"line":128,"column":28}},"loc":{"start":{"line":128,"column":33},"end":{"line":130,"column":3}},"line":128}},"branchMap":{"0":{"loc":{"start":{"line":12,"column":2},"end":{"line":18,"column":3}},"type":"if","locations":[{"start":{"line":12,"column":2},"end":{"line":18,"column":3}},{"start":{},"end":{}}],"line":12},"1":{"loc":{"start":{"line":39,"column":2},"end":{"line":45,"column":3}},"type":"if","locations":[{"start":{"line":39,"column":2},"end":{"line":45,"column":3}},{"start":{},"end":{}}],"line":39},"2":{"loc":{"start":{"line":39,"column":6},"end":{"line":39,"column":33}},"type":"binary-expr","locations":[{"start":{"line":39,"column":6},"end":{"line":39,"column":11}},{"start":{"line":39,"column":15},"end":{"line":39,"column":33}}],"line":39},"3":{"loc":{"start":{"line":116,"column":1},"end":{"line":118,"column":2}},"type":"if","locations":[{"start":{"line":116,"column":1},"end":{"line":118,"column":2}},{"start":{},"end":{}}],"line":116}},"s":{"0":1,"1":1,"2":1,"3":1,"4":1,"5":1,"6":1,"7":0,"8":0,"9":0,"10":0,"11":0,"12":0,"13":0,"14":0,"15":1,"16":1,"17":1,"18":1,"19":1,"20":1,"21":0,"22":1,"23":1,"24":1,"25":1,"26":1,"27":0,"28":1,"29":0,"30":0,"31":0,"32":0,"33":0,"34":1,"35":0,"36":0,"37":0,"38":0,"39":1,"40":0,"41":0,"42":0,"43":0,"44":0,"45":0,"46":1,"47":0,"48":0,"49":0,"50":0,"51":0,"52":0,"53":0,"54":0,"55":0,"56":0,"57":0,"58":0,"59":0,"60":1},"f":{"0":0,"1":1,"2":0,"3":0,"4":0,"5":0,"6":0,"7":0,"8":0},"b":{"0":[0,0],"1":[0,1],"2":[1,1],"3":[0,0]},"_coverageSchema":"1a1c01bbd47fc00a2c39e90264f33305004495a9","hash":"202be35f3ea9aa8616839f3f68f418c85dd82e0d"}
,"C:\\Users\\btmq9\\Desktop\\Bootcamp\\Node\\nodejs-homework-rest-api\\controller\\index.js": {"path":"C:\\Users\\btmq9\\Desktop\\Bootcamp\\Node\\nodejs-homework-rest-api\\controller\\index.js","statementMap":{"0":{"start":{"line":1,"column":16},"end":{"line":1,"column":43}},"1":{"start":{"line":3,"column":12},"end":{"line":16,"column":1}},"2":{"start":{"line":4,"column":16},"end":{"line":4,"column":24}},"3":{"start":{"line":5,"column":44},"end":{"line":5,"column":53}},"4":{"start":{"line":6,"column":1},"end":{"line":15,"column":2}},"5":{"start":{"line":7,"column":19},"end":{"line":7,"column":74}},"6":{"start":{"line":8,"column":2},"end":{"line":12,"column":5}},"7":{"start":{"line":14,"column":2},"end":{"line":14,"column":14}},"8":{"start":{"line":18,"column":15},"end":{"line":38,"column":1}},"9":{"start":{"line":19,"column":23},"end":{"line":19,"column":33}},"10":{"start":{"line":20,"column":1},"end":{"line":37,"column":2}},"11":{"start":{"line":21,"column":18},"end":{"line":21,"column":56}},"12":{"start":{"line":22,"column":2},"end":{"line":34,"column":3}},"13":{"start":{"line":23,"column":3},"end":{"line":27,"column":6}},"14":{"start":{"line":29,"column":3},"end":{"line":33,"column":6}},"15":{"start":{"line":36,"column":2},"end":{"line":36,"column":14}},"16":{"start":{"line":40,"column":13},"end":{"line":53,"column":1}},"17":{"start":{"line":41,"column":16},"end":{"line":41,"column":24}},"18":{"start":{"line":42,"column":1},"end":{"line":52,"column":2}},"19":{"start":{"line":43,"column":21},"end":{"line":43,"column":62}},"20":{"start":{"line":44,"column":2},"end":{"line":49,"column":5}},"21":{"start":{"line":51,"column":2},"end":{"line":51,"column":14}},"22":{"start":{"line":55,"column":22},"end":{"line":75,"column":1}},"23":{"start":{"line":56,"column":23},"end":{"line":56,"column":33}},"24":{"start":{"line":57,"column":1},"end":{"line":74,"column":2}},"25":{"start":{"line":58,"column":18},"end":{"line":58,"column":56}},"26":{"start":{"line":59,"column":2},"end":{"line":71,"column":3}},"27":{"start":{"line":60,"column":3},"end":{"line":64,"column":6}},"28":{"start":{"line":66,"column":3},"end":{"line":70,"column":6}},"29":{"start":{"line":73,"column":2},"end":{"line":73,"column":14}},"30":{"start":{"line":77,"column":12},"end":{"line":98,"column":1}},"31":{"start":{"line":78,"column":23},"end":{"line":78,"column":33}},"32":{"start":{"line":79,"column":1},"end":{"line":97,"column":2}},"33":{"start":{"line":80,"column":18},"end":{"line":80,"column":66}},"34":{"start":{"line":81,"column":2},"end":{"line":94,"column":3}},"35":{"start":{"line":82,"column":3},"end":{"line":87,"column":6}},"36":{"start":{"line":89,"column":3},"end":{"line":93,"column":6}},"37":{"start":{"line":96,"column":2},"end":{"line":96,"column":14}},"38":{"start":{"line":100,"column":22},"end":{"line":130,"column":1}},"39":{"start":{"line":101,"column":23},"end":{"line":101,"column":33}},"40":{"start":{"line":102,"column":22},"end":{"line":102,"column":30}},"41":{"start":{"line":103,"column":1},"end":{"line":129,"column":2}},"42":{"start":{"line":104,"column":18},"end":{"line":104,"column":70}},"43":{"start":{"line":105,"column":2},"end":{"line":126,"column":3}},"44":{"start":{"line":106,"column":3},"end":{"line":113,"column":4}},"45":{"start":{"line":107,"column":4},"end":{"line":112,"column":7}},"46":{"start":{"line":114,"column":3},"end":{"line":119,"column":6}},"47":{"start":{"line":121,"column":3},"end":{"line":125,"column":6}},"48":{"start":{"line":128,"column":2},"end":{"line":128,"column":14}},"49":{"start":{"line":132,"column":0},"end":{"line":139,"column":2}}},"fnMap":{"0":{"name":"(anonymous_0)","decl":{"start":{"line":3,"column":12},"end":{"line":3,"column":13}},"loc":{"start":{"line":3,"column":38},"end":{"line":16,"column":1}},"line":3},"1":{"name":"(anonymous_1)","decl":{"start":{"line":18,"column":15},"end":{"line":18,"column":16}},"loc":{"start":{"line":18,"column":41},"end":{"line":38,"column":1}},"line":18},"2":{"name":"(anonymous_2)","decl":{"start":{"line":40,"column":13},"end":{"line":40,"column":14}},"loc":{"start":{"line":40,"column":39},"end":{"line":53,"column":1}},"line":40},"3":{"name":"(anonymous_3)","decl":{"start":{"line":55,"column":22},"end":{"line":55,"column":23}},"loc":{"start":{"line":55,"column":48},"end":{"line":75,"column":1}},"line":55},"4":{"name":"(anonymous_4)","decl":{"start":{"line":77,"column":12},"end":{"line":77,"column":13}},"loc":{"start":{"line":77,"column":38},"end":{"line":98,"column":1}},"line":77},"5":{"name":"(anonymous_5)","decl":{"start":{"line":100,"column":22},"end":{"line":100,"column":23}},"loc":{"start":{"line":100,"column":48},"end":{"line":130,"column":1}},"line":100}},"branchMap":{"0":{"loc":{"start":{"line":5,"column":9},"end":{"line":5,"column":17}},"type":"default-arg","locations":[{"start":{"line":5,"column":16},"end":{"line":5,"column":17}}],"line":5},"1":{"loc":{"start":{"line":5,"column":19},"end":{"line":5,"column":29}},"type":"default-arg","locations":[{"start":{"line":5,"column":27},"end":{"line":5,"column":29}}],"line":5},"2":{"loc":{"start":{"line":22,"column":2},"end":{"line":34,"column":3}},"type":"if","locations":[{"start":{"line":22,"column":2},"end":{"line":34,"column":3}},{"start":{"line":28,"column":9},"end":{"line":34,"column":3}}],"line":22},"3":{"loc":{"start":{"line":59,"column":2},"end":{"line":71,"column":3}},"type":"if","locations":[{"start":{"line":59,"column":2},"end":{"line":71,"column":3}},{"start":{"line":65,"column":9},"end":{"line":71,"column":3}}],"line":59},"4":{"loc":{"start":{"line":81,"column":2},"end":{"line":94,"column":3}},"type":"if","locations":[{"start":{"line":81,"column":2},"end":{"line":94,"column":3}},{"start":{"line":88,"column":9},"end":{"line":94,"column":3}}],"line":81},"5":{"loc":{"start":{"line":105,"column":2},"end":{"line":126,"column":3}},"type":"if","locations":[{"start":{"line":105,"column":2},"end":{"line":126,"column":3}},{"start":{"line":120,"column":9},"end":{"line":126,"column":3}}],"line":105},"6":{"loc":{"start":{"line":106,"column":3},"end":{"line":113,"column":4}},"type":"if","locations":[{"start":{"line":106,"column":3},"end":{"line":113,"column":4}},{"start":{},"end":{}}],"line":106}},"s":{"0":1,"1":1,"2":0,"3":0,"4":0,"5":0,"6":0,"7":0,"8":1,"9":0,"10":0,"11":0,"12":0,"13":0,"14":0,"15":0,"16":1,"17":0,"18":0,"19":0,"20":0,"21":0,"22":1,"23":0,"24":0,"25":0,"26":0,"27":0,"28":0,"29":0,"30":1,"31":0,"32":0,"33":0,"34":0,"35":0,"36":0,"37":0,"38":1,"39":0,"40":0,"41":0,"42":0,"43":0,"44":0,"45":0,"46":0,"47":0,"48":0,"49":1},"f":{"0":0,"1":0,"2":0,"3":0,"4":0,"5":0},"b":{"0":[0],"1":[0],"2":[0,0],"3":[0,0],"4":[0,0],"5":[0,0],"6":[0,0]},"_coverageSchema":"1a1c01bbd47fc00a2c39e90264f33305004495a9","hash":"43ace5bb84672c05dca72347eafb9b8b96a0ec39"}
,"C:\\Users\\btmq9\\Desktop\\Bootcamp\\Node\\nodejs-homework-rest-api\\middlewares\\contactsValidation.js": {"path":"C:\\Users\\btmq9\\Desktop\\Bootcamp\\Node\\nodejs-homework-rest-api\\middlewares\\contactsValidation.js","statementMap":{"0":{"start":{"line":1,"column":12},"end":{"line":1,"column":26}},"1":{"start":{"line":3,"column":28},"end":{"line":15,"column":2}},"2":{"start":{"line":17,"column":28},"end":{"line":29,"column":2}},"3":{"start":{"line":31,"column":34},"end":{"line":33,"column":2}},"4":{"start":{"line":35,"column":17},"end":{"line":47,"column":1}},"5":{"start":{"line":36,"column":19},"end":{"line":36,"column":39}},"6":{"start":{"line":37,"column":1},"end":{"line":45,"column":2}},"7":{"start":{"line":38,"column":24},"end":{"line":38,"column":37}},"8":{"start":{"line":39,"column":2},"end":{"line":39,"column":21}},"9":{"start":{"line":40,"column":2},"end":{"line":44,"column":5}},"10":{"start":{"line":46,"column":1},"end":{"line":46,"column":8}},"11":{"start":{"line":49,"column":0},"end":{"line":51,"column":2}},"12":{"start":{"line":50,"column":1},"end":{"line":50,"column":59}},"13":{"start":{"line":53,"column":0},"end":{"line":55,"column":2}},"14":{"start":{"line":54,"column":1},"end":{"line":54,"column":59}},"15":{"start":{"line":57,"column":0},"end":{"line":59,"column":2}},"16":{"start":{"line":58,"column":1},"end":{"line":58,"column":65}}},"fnMap":{"0":{"name":"(anonymous_0)","decl":{"start":{"line":35,"column":17},"end":{"line":35,"column":18}},"loc":{"start":{"line":35,"column":45},"end":{"line":47,"column":1}},"line":35},"1":{"name":"(anonymous_1)","decl":{"start":{"line":49,"column":31},"end":{"line":49,"column":32}},"loc":{"start":{"line":49,"column":51},"end":{"line":51,"column":1}},"line":49},"2":{"name":"(anonymous_2)","decl":{"start":{"line":53,"column":31},"end":{"line":53,"column":32}},"loc":{"start":{"line":53,"column":51},"end":{"line":55,"column":1}},"line":53},"3":{"name":"(anonymous_3)","decl":{"start":{"line":57,"column":37},"end":{"line":57,"column":38}},"loc":{"start":{"line":57,"column":57},"end":{"line":59,"column":1}},"line":57}},"branchMap":{"0":{"loc":{"start":{"line":37,"column":1},"end":{"line":45,"column":2}},"type":"if","locations":[{"start":{"line":37,"column":1},"end":{"line":45,"column":2}},{"start":{},"end":{}}],"line":37}},"s":{"0":1,"1":1,"2":1,"3":1,"4":1,"5":0,"6":0,"7":0,"8":0,"9":0,"10":0,"11":1,"12":0,"13":1,"14":0,"15":1,"16":0},"f":{"0":0,"1":0,"2":0,"3":0},"b":{"0":[0,0]},"_coverageSchema":"1a1c01bbd47fc00a2c39e90264f33305004495a9","hash":"39c368752efce77f87c0bf69b48845d132ba1d1f"}
,"C:\\Users\\btmq9\\Desktop\\Bootcamp\\Node\\nodejs-homework-rest-api\\middlewares\\jwt.js": {"path":"C:\\Users\\btmq9\\Desktop\\Bootcamp\\Node\\nodejs-homework-rest-api\\middlewares\\jwt.js","statementMap":{"0":{"start":{"line":1,"column":17},"end":{"line":1,"column":36}},"1":{"start":{"line":3,"column":23},"end":{"line":11,"column":1}},"2":{"start":{"line":4,"column":1},"end":{"line":10,"column":20}},"3":{"start":{"line":5,"column":2},"end":{"line":7,"column":3}},"4":{"start":{"line":6,"column":3},"end":{"line":6,"column":62}},"5":{"start":{"line":8,"column":2},"end":{"line":8,"column":18}},"6":{"start":{"line":9,"column":2},"end":{"line":9,"column":9}},"7":{"start":{"line":13,"column":0},"end":{"line":13,"column":32}}},"fnMap":{"0":{"name":"(anonymous_0)","decl":{"start":{"line":3,"column":23},"end":{"line":3,"column":24}},"loc":{"start":{"line":3,"column":43},"end":{"line":11,"column":1}},"line":3},"1":{"name":"(anonymous_1)","decl":{"start":{"line":4,"column":50},"end":{"line":4,"column":51}},"loc":{"start":{"line":4,"column":67},"end":{"line":10,"column":2}},"line":4}},"branchMap":{"0":{"loc":{"start":{"line":5,"column":2},"end":{"line":7,"column":3}},"type":"if","locations":[{"start":{"line":5,"column":2},"end":{"line":7,"column":3}},{"start":{},"end":{}}],"line":5},"1":{"loc":{"start":{"line":5,"column":6},"end":{"line":5,"column":20}},"type":"binary-expr","locations":[{"start":{"line":5,"column":6},"end":{"line":5,"column":11}},{"start":{"line":5,"column":15},"end":{"line":5,"column":20}}],"line":5}},"s":{"0":1,"1":1,"2":0,"3":0,"4":0,"5":0,"6":0,"7":1},"f":{"0":0,"1":0},"b":{"0":[0,0],"1":[0,0]},"_coverageSchema":"1a1c01bbd47fc00a2c39e90264f33305004495a9","hash":"3e864f23475709905bd4317eb73d7cd61fe39d96"}
,"C:\\Users\\btmq9\\Desktop\\Bootcamp\\Node\\nodejs-homework-rest-api\\middlewares\\usersValidation.js": {"path":"C:\\Users\\btmq9\\Desktop\\Bootcamp\\Node\\nodejs-homework-rest-api\\middlewares\\usersValidation.js","statementMap":{"0":{"start":{"line":1,"column":12},"end":{"line":1,"column":26}},"1":{"start":{"line":3,"column":30},"end":{"line":11,"column":2}},"2":{"start":{"line":13,"column":32},"end":{"line":15,"column":2}},"3":{"start":{"line":17,"column":17},"end":{"line":29,"column":1}},"4":{"start":{"line":18,"column":19},"end":{"line":18,"column":39}},"5":{"start":{"line":19,"column":1},"end":{"line":27,"column":2}},"6":{"start":{"line":20,"column":24},"end":{"line":20,"column":37}},"7":{"start":{"line":21,"column":2},"end":{"line":21,"column":21}},"8":{"start":{"line":22,"column":2},"end":{"line":26,"column":5}},"9":{"start":{"line":28,"column":1},"end":{"line":28,"column":8}},"10":{"start":{"line":31,"column":0},"end":{"line":33,"column":2}},"11":{"start":{"line":32,"column":1},"end":{"line":32,"column":61}},"12":{"start":{"line":35,"column":0},"end":{"line":37,"column":2}},"13":{"start":{"line":36,"column":1},"end":{"line":36,"column":63}}},"fnMap":{"0":{"name":"(anonymous_0)","decl":{"start":{"line":17,"column":17},"end":{"line":17,"column":18}},"loc":{"start":{"line":17,"column":45},"end":{"line":29,"column":1}},"line":17},"1":{"name":"(anonymous_1)","decl":{"start":{"line":31,"column":33},"end":{"line":31,"column":34}},"loc":{"start":{"line":31,"column":53},"end":{"line":33,"column":1}},"line":31},"2":{"name":"(anonymous_2)","decl":{"start":{"line":35,"column":35},"end":{"line":35,"column":36}},"loc":{"start":{"line":35,"column":55},"end":{"line":37,"column":1}},"line":35}},"branchMap":{"0":{"loc":{"start":{"line":19,"column":1},"end":{"line":27,"column":2}},"type":"if","locations":[{"start":{"line":19,"column":1},"end":{"line":27,"column":2}},{"start":{},"end":{}}],"line":19}},"s":{"0":1,"1":1,"2":1,"3":1,"4":1,"5":1,"6":0,"7":0,"8":0,"9":1,"10":1,"11":1,"12":1,"13":0},"f":{"0":1,"1":1,"2":0},"b":{"0":[0,1]},"_coverageSchema":"1a1c01bbd47fc00a2c39e90264f33305004495a9","hash":"43be484912bb3ddb41833fe2620cd0bf44fe4d75"}
,"C:\\Users\\btmq9\\Desktop\\Bootcamp\\Node\\nodejs-homework-rest-api\\routes\\api\\auth.js": {"path":"C:\\Users\\btmq9\\Desktop\\Bootcamp\\Node\\nodejs-homework-rest-api\\routes\\api\\auth.js","statementMap":{"0":{"start":{"line":1,"column":16},"end":{"line":1,"column":34}},"1":{"start":{"line":2,"column":15},"end":{"line":2,"column":31}},"2":{"start":{"line":3,"column":23},"end":{"line":3,"column":55}},"3":{"start":{"line":4,"column":17},"end":{"line":4,"column":61}},"4":{"start":{"line":5,"column":23},"end":{"line":5,"column":55}},"5":{"start":{"line":6,"column":15},"end":{"line":6,"column":32}},"6":{"start":{"line":8,"column":16},"end":{"line":12,"column":2}},"7":{"start":{"line":10,"column":30},"end":{"line":10,"column":57}},"8":{"start":{"line":14,"column":28},"end":{"line":19,"column":1}},"9":{"start":{"line":21,"column":23},"end":{"line":30,"column":2}},"10":{"start":{"line":24,"column":19},"end":{"line":24,"column":32}},"11":{"start":{"line":25,"column":2},"end":{"line":27,"column":3}},"12":{"start":{"line":26,"column":3},"end":{"line":26,"column":26}},"13":{"start":{"line":28,"column":2},"end":{"line":28,"column":24}},"14":{"start":{"line":32,"column":0},"end":{"line":32,"column":74}},"15":{"start":{"line":33,"column":0},"end":{"line":33,"column":70}},"16":{"start":{"line":34,"column":0},"end":{"line":34,"column":61}},"17":{"start":{"line":35,"column":0},"end":{"line":35,"column":66}},"18":{"start":{"line":36,"column":0},"end":{"line":41,"column":2}},"19":{"start":{"line":42,"column":0},"end":{"line":47,"column":2}},"20":{"start":{"line":49,"column":0},"end":{"line":49,"column":24}}},"fnMap":{"0":{"name":"(anonymous_0)","decl":{"start":{"line":10,"column":11},"end":{"line":10,"column":12}},"loc":{"start":{"line":10,"column":30},"end":{"line":10,"column":57}},"line":10},"1":{"name":"(anonymous_1)","decl":{"start":{"line":23,"column":13},"end":{"line":23,"column":14}},"loc":{"start":{"line":23,"column":32},"end":{"line":29,"column":2}},"line":23}},"branchMap":{"0":{"loc":{"start":{"line":25,"column":2},"end":{"line":27,"column":3}},"type":"if","locations":[{"start":{"line":25,"column":2},"end":{"line":27,"column":3}},{"start":{},"end":{}}],"line":25}},"s":{"0":1,"1":1,"2":1,"3":1,"4":1,"5":1,"6":1,"7":0,"8":1,"9":1,"10":0,"11":0,"12":0,"13":0,"14":1,"15":1,"16":1,"17":1,"18":1,"19":1,"20":1},"f":{"0":0,"1":0},"b":{"0":[0,0]},"_coverageSchema":"1a1c01bbd47fc00a2c39e90264f33305004495a9","hash":"f115f6ccb60b13564f221fcee57dd8ebff7d89cd"}
,"C:\\Users\\btmq9\\Desktop\\Bootcamp\\Node\\nodejs-homework-rest-api\\routes\\api\\contacts.js": {"path":"C:\\Users\\btmq9\\Desktop\\Bootcamp\\Node\\nodejs-homework-rest-api\\routes\\api\\contacts.js","statementMap":{"0":{"start":{"line":1,"column":16},"end":{"line":1,"column":34}},"1":{"start":{"line":2,"column":15},"end":{"line":2,"column":31}},"2":{"start":{"line":3,"column":26},"end":{"line":3,"column":59}},"3":{"start":{"line":4,"column":17},"end":{"line":4,"column":64}},"4":{"start":{"line":5,"column":23},"end":{"line":5,"column":55}},"5":{"start":{"line":7,"column":0},"end":{"line":7,"column":55}},"6":{"start":{"line":8,"column":0},"end":{"line":8,"column":52}},"7":{"start":{"line":9,"column":0},"end":{"line":14,"column":2}},"8":{"start":{"line":15,"column":0},"end":{"line":15,"column":62}},"9":{"start":{"line":16,"column":0},"end":{"line":16,"column":73}},"10":{"start":{"line":17,"column":0},"end":{"line":21,"column":2}},"11":{"start":{"line":23,"column":0},"end":{"line":23,"column":24}}},"fnMap":{},"branchMap":{},"s":{"0":1,"1":1,"2":1,"3":1,"4":1,"5":1,"6":1,"7":1,"8":1,"9":1,"10":1,"11":1},"f":{},"b":{},"_coverageSchema":"1a1c01bbd47fc00a2c39e90264f33305004495a9","hash":"db0b59a75b68d5c60401b5cd98e681f39ff00554"}
,"C:\\Users\\btmq9\\Desktop\\Bootcamp\\Node\\nodejs-homework-rest-api\\routes\\api\\index.js": {"path":"C:\\Users\\btmq9\\Desktop\\Bootcamp\\Node\\nodejs-homework-rest-api\\routes\\api\\index.js","statementMap":{"0":{"start":{"line":1,"column":16},"end":{"line":1,"column":34}},"1":{"start":{"line":2,"column":15},"end":{"line":2,"column":31}},"2":{"start":{"line":4,"column":0},"end":{"line":4,"column":47}},"3":{"start":{"line":5,"column":0},"end":{"line":5,"column":40}},"4":{"start":{"line":7,"column":0},"end":{"line":7,"column":24}}},"fnMap":{},"branchMap":{},"s":{"0":1,"1":1,"2":1,"3":1,"4":1},"f":{},"b":{},"_coverageSchema":"1a1c01bbd47fc00a2c39e90264f33305004495a9","hash":"baa4b312b1424edb9f6de3c811035611e5b88d75"}
,"C:\\Users\\btmq9\\Desktop\\Bootcamp\\Node\\nodejs-homework-rest-api\\service\\auth.js": {"path":"C:\\Users\\btmq9\\Desktop\\Bootcamp\\Node\\nodejs-homework-rest-api\\service\\auth.js","statementMap":{"0":{"start":{"line":1,"column":13},"end":{"line":1,"column":38}},"1":{"start":{"line":2,"column":17},"end":{"line":2,"column":36}},"2":{"start":{"line":4,"column":24},"end":{"line":4,"column":70}},"3":{"start":{"line":4,"column":41},"end":{"line":4,"column":70}},"4":{"start":{"line":6,"column":22},"end":{"line":13,"column":1}},"5":{"start":{"line":7,"column":29},"end":{"line":7,"column":33}},"6":{"start":{"line":8,"column":19},"end":{"line":8,"column":38}},"7":{"start":{"line":9,"column":17},"end":{"line":9,"column":47}},"8":{"start":{"line":10,"column":1},"end":{"line":10,"column":37}},"9":{"start":{"line":11,"column":1},"end":{"line":11,"column":22}},"10":{"start":{"line":12,"column":1},"end":{"line":12,"column":16}},"11":{"start":{"line":15,"column":27},"end":{"line":18,"column":1}},"12":{"start":{"line":16,"column":14},"end":{"line":16,"column":42}},"13":{"start":{"line":17,"column":1},"end":{"line":17,"column":61}},"14":{"start":{"line":20,"column":17},"end":{"line":21,"column":44}},"15":{"start":{"line":21,"column":1},"end":{"line":21,"column":44}},"16":{"start":{"line":23,"column":19},"end":{"line":24,"column":50}},"17":{"start":{"line":24,"column":1},"end":{"line":24,"column":50}},"18":{"start":{"line":26,"column":27},"end":{"line":27,"column":66}},"19":{"start":{"line":27,"column":1},"end":{"line":27,"column":66}},"20":{"start":{"line":29,"column":21},"end":{"line":30,"column":42}},"21":{"start":{"line":30,"column":1},"end":{"line":30,"column":42}},"22":{"start":{"line":32,"column":0},"end":{"line":40,"column":2}}},"fnMap":{"0":{"name":"(anonymous_0)","decl":{"start":{"line":4,"column":24},"end":{"line":4,"column":25}},"loc":{"start":{"line":4,"column":41},"end":{"line":4,"column":70}},"line":4},"1":{"name":"(anonymous_1)","decl":{"start":{"line":6,"column":22},"end":{"line":6,"column":23}},"loc":{"start":{"line":6,"column":38},"end":{"line":13,"column":1}},"line":6},"2":{"name":"(anonymous_2)","decl":{"start":{"line":15,"column":27},"end":{"line":15,"column":28}},"loc":{"start":{"line":15,"column":54},"end":{"line":18,"column":1}},"line":15},"3":{"name":"(anonymous_3)","decl":{"start":{"line":20,"column":17},"end":{"line":20,"column":18}},"loc":{"start":{"line":21,"column":1},"end":{"line":21,"column":44}},"line":21},"4":{"name":"(anonymous_4)","decl":{"start":{"line":23,"column":19},"end":{"line":23,"column":20}},"loc":{"start":{"line":24,"column":1},"end":{"line":24,"column":50}},"line":24},"5":{"name":"(anonymous_5)","decl":{"start":{"line":26,"column":27},"end":{"line":26,"column":28}},"loc":{"start":{"line":27,"column":1},"end":{"line":27,"column":66}},"line":27},"6":{"name":"(anonymous_6)","decl":{"start":{"line":29,"column":21},"end":{"line":29,"column":22}},"loc":{"start":{"line":30,"column":1},"end":{"line":30,"column":42}},"line":30}},"branchMap":{"0":{"loc":{"start":{"line":17,"column":8},"end":{"line":17,"column":60}},"type":"cond-expr","locations":[{"start":{"line":17,"column":15},"end":{"line":17,"column":52}},{"start":{"line":17,"column":55},"end":{"line":17,"column":60}}],"line":17}},"s":{"0":1,"1":1,"2":1,"3":2,"4":1,"5":0,"6":0,"7":0,"8":0,"9":0,"10":0,"11":1,"12":1,"13":1,"14":1,"15":1,"16":1,"17":0,"18":1,"19":0,"20":1,"21":0,"22":1},"f":{"0":2,"1":0,"2":1,"3":1,"4":0,"5":0,"6":0},"b":{"0":[1,0]},"_coverageSchema":"1a1c01bbd47fc00a2c39e90264f33305004495a9","hash":"6da88a6a7b7f55919cf55dab0087cbfee74d804a"}
,"C:\\Users\\btmq9\\Desktop\\Bootcamp\\Node\\nodejs-homework-rest-api\\service\\index.js": {"path":"C:\\Users\\btmq9\\Desktop\\Bootcamp\\Node\\nodejs-homework-rest-api\\service\\index.js","statementMap":{"0":{"start":{"line":3,"column":4},"end":{"line":3,"column":23}},"1":{"start":{"line":4,"column":16},"end":{"line":4,"column":44}},"2":{"start":{"line":6,"column":23},"end":{"line":15,"column":1}},"3":{"start":{"line":7,"column":1},"end":{"line":11,"column":2}},"4":{"start":{"line":8,"column":2},"end":{"line":10,"column":29}},"5":{"start":{"line":12,"column":1},"end":{"line":14,"column":28}},"6":{"start":{"line":17,"column":22},"end":{"line":25,"column":1}},"7":{"start":{"line":19,"column":1},"end":{"line":23,"column":2}},"8":{"start":{"line":20,"column":2},"end":{"line":20,"column":42}},"9":{"start":{"line":22,"column":2},"end":{"line":22,"column":14}},"10":{"start":{"line":24,"column":1},"end":{"line":24,"column":59}},"11":{"start":{"line":27,"column":22},"end":{"line":28,"column":39}},"12":{"start":{"line":28,"column":1},"end":{"line":28,"column":39}},"13":{"start":{"line":30,"column":22},"end":{"line":38,"column":1}},"14":{"start":{"line":32,"column":1},"end":{"line":36,"column":2}},"15":{"start":{"line":33,"column":2},"end":{"line":33,"column":42}},"16":{"start":{"line":35,"column":2},"end":{"line":35,"column":14}},"17":{"start":{"line":37,"column":1},"end":{"line":37,"column":54}},"18":{"start":{"line":40,"column":22},"end":{"line":58,"column":1}},"19":{"start":{"line":42,"column":1},"end":{"line":46,"column":2}},"20":{"start":{"line":43,"column":2},"end":{"line":43,"column":42}},"21":{"start":{"line":45,"column":2},"end":{"line":45,"column":14}},"22":{"start":{"line":47,"column":1},"end":{"line":57,"column":3}},"23":{"start":{"line":60,"column":0},"end":{"line":66,"column":2}}},"fnMap":{"0":{"name":"(anonymous_0)","decl":{"start":{"line":6,"column":23},"end":{"line":6,"column":24}},"loc":{"start":{"line":6,"column":60},"end":{"line":15,"column":1}},"line":6},"1":{"name":"(anonymous_1)","decl":{"start":{"line":17,"column":22},"end":{"line":17,"column":23}},"loc":{"start":{"line":17,"column":43},"end":{"line":25,"column":1}},"line":17},"2":{"name":"(anonymous_2)","decl":{"start":{"line":27,"column":22},"end":{"line":27,"column":23}},"loc":{"start":{"line":28,"column":1},"end":{"line":28,"column":39}},"line":28},"3":{"name":"(anonymous_3)","decl":{"start":{"line":30,"column":22},"end":{"line":30,"column":23}},"loc":{"start":{"line":30,"column":43},"end":{"line":38,"column":1}},"line":30},"4":{"name":"(anonymous_4)","decl":{"start":{"line":40,"column":22},"end":{"line":40,"column":23}},"loc":{"start":{"line":40,"column":49},"end":{"line":58,"column":1}},"line":40}},"branchMap":{"0":{"loc":{"start":{"line":7,"column":1},"end":{"line":11,"column":2}},"type":"if","locations":[{"start":{"line":7,"column":1},"end":{"line":11,"column":2}},{"start":{},"end":{}}],"line":7}},"s":{"0":1,"1":1,"2":1,"3":0,"4":0,"5":0,"6":1,"7":0,"8":0,"9":0,"10":0,"11":1,"12":0,"13":1,"14":0,"15":0,"16":0,"17":0,"18":1,"19":0,"20":0,"21":0,"22":0,"23":1},"f":{"0":0,"1":0,"2":0,"3":0,"4":0},"b":{"0":[0,0]},"_coverageSchema":"1a1c01bbd47fc00a2c39e90264f33305004495a9","hash":"bff69c5d8a9fda717b87fa8ba5f65ab1230f0e1a"}
,"C:\\Users\\btmq9\\Desktop\\Bootcamp\\Node\\nodejs-homework-rest-api\\service\\schemas\\contact.js": {"path":"C:\\Users\\btmq9\\Desktop\\Bootcamp\\Node\\nodejs-homework-rest-api\\service\\schemas\\contact.js","statementMap":{"0":{"start":{"line":1,"column":17},"end":{"line":1,"column":36}},"1":{"start":{"line":2,"column":26},"end":{"line":2,"column":34}},"2":{"start":{"line":4,"column":16},"end":{"line":28,"column":1}},"3":{"start":{"line":30,"column":16},"end":{"line":30,"column":41}},"4":{"start":{"line":32,"column":0},"end":{"line":32,"column":25}}},"fnMap":{},"branchMap":{},"s":{"0":1,"1":1,"2":1,"3":1,"4":1},"f":{},"b":{},"_coverageSchema":"1a1c01bbd47fc00a2c39e90264f33305004495a9","hash":"a0804c7d336bd37e9585916c8070fa8f2d7ec3c2"}
,"C:\\Users\\btmq9\\Desktop\\Bootcamp\\Node\\nodejs-homework-rest-api\\service\\schemas\\user.js": {"path":"C:\\Users\\btmq9\\Desktop\\Bootcamp\\Node\\nodejs-homework-rest-api\\service\\schemas\\user.js","statementMap":{"0":{"start":{"line":1,"column":17},"end":{"line":1,"column":36}},"1":{"start":{"line":2,"column":26},"end":{"line":2,"column":34}},"2":{"start":{"line":3,"column":15},"end":{"line":3,"column":34}},"3":{"start":{"line":5,"column":13},"end":{"line":30,"column":1}},"4":{"start":{"line":32,"column":0},"end":{"line":34,"column":2}},"5":{"start":{"line":33,"column":1},"end":{"line":33,"column":66}},"6":{"start":{"line":36,"column":0},"end":{"line":38,"column":2}},"7":{"start":{"line":37,"column":1},"end":{"line":37,"column":52}},"8":{"start":{"line":40,"column":13},"end":{"line":40,"column":32}},"9":{"start":{"line":42,"column":0},"end":{"line":42,"column":22}}},"fnMap":{"0":{"name":"(anonymous_0)","decl":{"start":{"line":32,"column":27},"end":{"line":32,"column":28}},"loc":{"start":{"line":32,"column":47},"end":{"line":34,"column":1}},"line":32},"1":{"name":"(anonymous_1)","decl":{"start":{"line":36,"column":32},"end":{"line":36,"column":33}},"loc":{"start":{"line":36,"column":52},"end":{"line":38,"column":1}},"line":36}},"branchMap":{},"s":{"0":1,"1":1,"2":1,"3":1,"4":1,"5":0,"6":1,"7":1,"8":1,"9":1},"f":{"0":0,"1":1},"b":{},"_coverageSchema":"1a1c01bbd47fc00a2c39e90264f33305004495a9","hash":"0d38b6abd220f41194eaa0594cfd9958659166f3"}
}
